<?xml version="1.0" encoding="UTF-8"?>
<robot generator="Robot 4.0.1 (Python 3.9.4 on win32)" generated="20210503 22:04:32.212" rpa="false" schemaversion="2">
<suite id="s1" name="Test" source="D:\Koulu\TeknologiatLopputyö\Tests\Test.robot">
<test id="s1-t1" name="NavigateToVerkkokauppa">
<kw name="Appstate" library="Keywords">
<kw name="Open Browser" library="SeleniumLibrary">
<arg>https://verkkokauppa.com</arg>
<arg>${BROWSER}</arg>
<doc>Opens a new browser instance to the optional ``url``.</doc>
<msg timestamp="20210503 22:04:32.527" level="INFO">Opening browser 'Chrome' to base url 'https://verkkokauppa.com'.</msg>
<status status="PASS" starttime="20210503 22:04:32.527" endtime="20210503 22:04:34.946"/>
</kw>
<kw name="Maximize Browser Window" library="SeleniumLibrary">
<doc>Maximizes current browser window.</doc>
<status status="PASS" starttime="20210503 22:04:34.946" endtime="20210503 22:04:35.084"/>
</kw>
<status status="PASS" starttime="20210503 22:04:32.526" endtime="20210503 22:04:35.085"/>
</kw>
<status status="PASS" starttime="20210503 22:04:32.526" endtime="20210503 22:04:35.086"/>
</test>
<test id="s1-t2" name="useSearchBar">
<kw name="Page Should Contain Element" library="SeleniumLibrary">
<arg>//*[@class="VkLogo-sc-1l5lj7b-0 epjMnT"]</arg>
<doc>Verifies that element ``locator`` is found on the current page.</doc>
<msg timestamp="20210503 22:04:35.487" level="INFO">Current page contains element '//*[@class="VkLogo-sc-1l5lj7b-0 epjMnT"]'.</msg>
<status status="PASS" starttime="20210503 22:04:35.089" endtime="20210503 22:04:35.487"/>
</kw>
<kw name="Input Text" library="SeleniumLibrary">
<arg>//input[@aria-label="Kirjoita hakusana"]</arg>
<arg>Omen pelihiiri</arg>
<doc>Types the given ``text`` into the text field identified by ``locator``.</doc>
<msg timestamp="20210503 22:04:35.492" level="INFO">Typing text 'Omen pelihiiri' into text field '//input[@aria-label="Kirjoita hakusana"]'.</msg>
<status status="PASS" starttime="20210503 22:04:35.491" endtime="20210503 22:04:35.653"/>
</kw>
<kw name="Click Element" library="SeleniumLibrary">
<arg>//button[@aria-label="Hae"]</arg>
<doc>Click the element identified by ``locator``.</doc>
<msg timestamp="20210503 22:04:35.654" level="INFO">Clicking element '//button[@aria-label="Hae"]'.</msg>
<status status="PASS" starttime="20210503 22:04:35.654" endtime="20210503 22:04:35.772"/>
</kw>
<kw name="Wait Until Element Is Visible" library="SeleniumLibrary">
<arg>//span[text()="Haku"]</arg>
<doc>Waits until the element ``locator`` is visible.</doc>
<status status="PASS" starttime="20210503 22:04:35.773" endtime="20210503 22:04:35.851"/>
</kw>
<kw name="AcceptCookies" library="Keywords">
<kw name="Wait Until Element Is Visible" library="SeleniumLibrary">
<arg>allow-cookies</arg>
<doc>Waits until the element ``locator`` is visible.</doc>
<status status="PASS" starttime="20210503 22:04:35.852" endtime="20210503 22:04:36.098"/>
</kw>
<kw name="Click Element" library="SeleniumLibrary">
<arg>allow-cookies</arg>
<doc>Click the element identified by ``locator``.</doc>
<msg timestamp="20210503 22:04:36.098" level="INFO">Clicking element 'allow-cookies'.</msg>
<status status="PASS" starttime="20210503 22:04:36.098" endtime="20210503 22:04:36.347"/>
</kw>
<kw name="Wait Until Element Is Not Visible" library="SeleniumLibrary">
<arg>allow-cookies</arg>
<doc>Waits until the element ``locator`` is not visible.</doc>
<status status="PASS" starttime="20210503 22:04:36.347" endtime="20210503 22:04:36.355"/>
</kw>
<status status="PASS" starttime="20210503 22:04:35.852" endtime="20210503 22:04:36.356"/>
</kw>
<kw name="WaitAndClickElement" library="Keywords">
<arg>//span[text()="Sileä punottu kaapeli"]</arg>
<kw name="Wait Until Element Is Visible" library="SeleniumLibrary">
<arg>${locator}</arg>
<doc>Waits until the element ``locator`` is visible.</doc>
<status status="PASS" starttime="20210503 22:04:36.358" endtime="20210503 22:04:36.383"/>
</kw>
<kw name="Click Element" library="SeleniumLibrary">
<arg>${locator}</arg>
<doc>Click the element identified by ``locator``.</doc>
<msg timestamp="20210503 22:04:36.384" level="INFO">Clicking element '//span[text()="Sileä punottu kaapeli"]'.</msg>
<status status="PASS" starttime="20210503 22:04:36.383" endtime="20210503 22:04:36.437"/>
</kw>
<status status="PASS" starttime="20210503 22:04:36.357" endtime="20210503 22:04:36.438"/>
</kw>
<kw name="Click Element" library="SeleniumLibrary">
<arg>//a[text()="OMEN Vector -pelihiiri, musta"]</arg>
<doc>Click the element identified by ``locator``.</doc>
<msg timestamp="20210503 22:04:36.439" level="INFO">Clicking element '//a[text()="OMEN Vector -pelihiiri, musta"]'.</msg>
<status status="PASS" starttime="20210503 22:04:36.438" endtime="20210503 22:04:36.609"/>
</kw>
<kw name="Sleep" library="BuiltIn">
<arg>2</arg>
<doc>Pauses the test executed for the given time.</doc>
<msg timestamp="20210503 22:04:38.612" level="INFO">Slept 2 seconds</msg>
<status status="PASS" starttime="20210503 22:04:36.610" endtime="20210503 22:04:38.612"/>
</kw>
<kw name="Click Element" library="SeleniumLibrary">
<arg>//*[@id="main"]/section/aside/div[2]/div[2]/div[1]/div[2]/button[1]/span</arg>
<doc>Click the element identified by ``locator``.</doc>
<msg timestamp="20210503 22:04:38.614" level="INFO">Clicking element '//*[@id="main"]/section/aside/div[2]/div[2]/div[1]/div[2]/button[1]/span'.</msg>
<status status="PASS" starttime="20210503 22:04:38.613" endtime="20210503 22:04:38.698"/>
</kw>
<kw name="Go To" library="SeleniumLibrary" type="TEARDOWN">
<arg>https://verkkokauppa.com</arg>
<doc>Navigates the current browser window to the provided ``url``.</doc>
<msg timestamp="20210503 22:04:38.699" level="INFO">Opening url 'https://verkkokauppa.com'</msg>
<status status="PASS" starttime="20210503 22:04:38.699" endtime="20210503 22:04:39.530"/>
</kw>
<status status="PASS" starttime="20210503 22:04:35.088" endtime="20210503 22:04:39.530"/>
</test>
<test id="s1-t3" name="createCustomerFailed">
<kw name="Wait Until Element Is Visible" library="SeleniumLibrary">
<arg>//*[@class="VkLogo-sc-1l5lj7b-0 epjMnT"]</arg>
<doc>Waits until the element ``locator`` is visible.</doc>
<status status="PASS" starttime="20210503 22:04:39.533" endtime="20210503 22:04:39.555"/>
</kw>
<kw name="Input Text" library="SeleniumLibrary">
<arg>//input[@aria-label="Kirjoita hakusana"]</arg>
<arg>Omen pelihiiri</arg>
<doc>Types the given ``text`` into the text field identified by ``locator``.</doc>
<msg timestamp="20210503 22:04:39.556" level="INFO">Typing text 'Omen pelihiiri' into text field '//input[@aria-label="Kirjoita hakusana"]'.</msg>
<status status="PASS" starttime="20210503 22:04:39.555" endtime="20210503 22:04:40.148"/>
</kw>
<kw name="Click Element" library="SeleniumLibrary">
<arg>//button[@aria-label="Hae"]</arg>
<doc>Click the element identified by ``locator``.</doc>
<msg timestamp="20210503 22:04:40.152" level="INFO">Clicking element '//button[@aria-label="Hae"]'.</msg>
<status status="PASS" starttime="20210503 22:04:40.151" endtime="20210503 22:04:40.312"/>
</kw>
<kw name="Wait Until Element Is Visible" library="SeleniumLibrary">
<arg>//span[text()="Haku"]</arg>
<doc>Waits until the element ``locator`` is visible.</doc>
<status status="PASS" starttime="20210503 22:04:40.313" endtime="20210503 22:04:40.542"/>
</kw>
<kw name="WaitAndClickElement" library="Keywords">
<arg>//span[text()="Sileä punottu kaapeli"]</arg>
<kw name="Wait Until Element Is Visible" library="SeleniumLibrary">
<arg>${locator}</arg>
<doc>Waits until the element ``locator`` is visible.</doc>
<status status="PASS" starttime="20210503 22:04:40.543" endtime="20210503 22:04:40.802"/>
</kw>
<kw name="Click Element" library="SeleniumLibrary">
<arg>${locator}</arg>
<doc>Click the element identified by ``locator``.</doc>
<msg timestamp="20210503 22:04:40.802" level="INFO">Clicking element '//span[text()="Sileä punottu kaapeli"]'.</msg>
<status status="PASS" starttime="20210503 22:04:40.802" endtime="20210503 22:04:41.064"/>
</kw>
<status status="PASS" starttime="20210503 22:04:40.543" endtime="20210503 22:04:41.064"/>
</kw>
<kw name="Click Link" library="SeleniumLibrary">
<arg>OMEN Vector -pelihiiri, musta</arg>
<doc>Clicks a link identified by ``locator``.</doc>
<msg timestamp="20210503 22:04:41.065" level="INFO">Clicking link 'OMEN Vector -pelihiiri, musta'.</msg>
<status status="PASS" starttime="20210503 22:04:41.065" endtime="20210503 22:04:41.277"/>
</kw>
<kw name="Sleep" library="BuiltIn">
<arg>2</arg>
<doc>Pauses the test executed for the given time.</doc>
<msg timestamp="20210503 22:04:43.282" level="INFO">Slept 2 seconds</msg>
<status status="PASS" starttime="20210503 22:04:41.278" endtime="20210503 22:04:43.282"/>
</kw>
<kw name="Click Element" library="SeleniumLibrary">
<arg>//*[@id="main"]/section/aside/div[2]/div[2]/div[1]/div[2]/button[1]/span</arg>
<doc>Click the element identified by ``locator``.</doc>
<msg timestamp="20210503 22:04:43.283" level="INFO">Clicking element '//*[@id="main"]/section/aside/div[2]/div[2]/div[1]/div[2]/button[1]/span'.</msg>
<status status="PASS" starttime="20210503 22:04:43.282" endtime="20210503 22:04:43.369"/>
</kw>
<kw name="WaitAndClickElement" library="Keywords">
<arg>//span[text()="Siirry kassalle"]</arg>
<kw name="Wait Until Element Is Visible" library="SeleniumLibrary">
<arg>${locator}</arg>
<doc>Waits until the element ``locator`` is visible.</doc>
<status status="PASS" starttime="20210503 22:04:43.371" endtime="20210503 22:04:43.924"/>
</kw>
<kw name="Click Element" library="SeleniumLibrary">
<arg>${locator}</arg>
<doc>Click the element identified by ``locator``.</doc>
<msg timestamp="20210503 22:04:43.925" level="INFO">Clicking element '//span[text()="Siirry kassalle"]'.</msg>
<status status="PASS" starttime="20210503 22:04:43.925" endtime="20210503 22:04:44.311"/>
</kw>
<status status="PASS" starttime="20210503 22:04:43.370" endtime="20210503 22:04:44.312"/>
</kw>
<kw name="Wait Until Element Is Visible" library="SeleniumLibrary">
<arg>//h2[@class="vk-step-title vk-step-title--cart"]</arg>
<doc>Waits until the element ``locator`` is visible.</doc>
<status status="PASS" starttime="20210503 22:04:44.313" endtime="20210503 22:04:44.551"/>
</kw>
<kw name="WaitAndClickElement" library="Keywords">
<arg>//span[text()="Seuraava"]</arg>
<kw name="Wait Until Element Is Visible" library="SeleniumLibrary">
<arg>${locator}</arg>
<doc>Waits until the element ``locator`` is visible.</doc>
<status status="PASS" starttime="20210503 22:04:44.552" endtime="20210503 22:04:44.576"/>
</kw>
<kw name="Click Element" library="SeleniumLibrary">
<arg>${locator}</arg>
<doc>Click the element identified by ``locator``.</doc>
<msg timestamp="20210503 22:04:44.577" level="INFO">Clicking element '//span[text()="Seuraava"]'.</msg>
<status status="PASS" starttime="20210503 22:04:44.576" endtime="20210503 22:04:44.659"/>
</kw>
<status status="PASS" starttime="20210503 22:04:44.552" endtime="20210503 22:04:44.660"/>
</kw>
<kw name="Sleep" library="BuiltIn">
<arg>1</arg>
<doc>Pauses the test executed for the given time.</doc>
<msg timestamp="20210503 22:04:45.674" level="INFO">Slept 1 second</msg>
<status status="PASS" starttime="20210503 22:04:44.660" endtime="20210503 22:04:45.674"/>
</kw>
<kw name="Select Frame" library="SeleniumLibrary">
<arg>//*[@id="login-iframe"]</arg>
<doc>Sets frame identified by ``locator`` as the current frame.</doc>
<msg timestamp="20210503 22:04:45.675" level="INFO">Selecting frame '//*[@id="login-iframe"]'.</msg>
<status status="PASS" starttime="20210503 22:04:45.675" endtime="20210503 22:04:45.704"/>
</kw>
<kw name="Execute Javascript" library="SeleniumLibrary">
<arg>document.getElementById("register-button").scrollIntoView()</arg>
<doc>Executes the given JavaScript code with possible arguments.</doc>
<msg timestamp="20210503 22:04:45.704" level="INFO">Executing JavaScript:
document.getElementById("register-button").scrollIntoView()
Without any arguments.</msg>
<status status="PASS" starttime="20210503 22:04:45.704" endtime="20210503 22:04:45.709"/>
</kw>
<kw name="WaitAndClickElement" library="Keywords">
<arg>//*[@id="register-button"]</arg>
<kw name="Wait Until Element Is Visible" library="SeleniumLibrary">
<arg>${locator}</arg>
<doc>Waits until the element ``locator`` is visible.</doc>
<status status="PASS" starttime="20210503 22:04:45.710" endtime="20210503 22:04:45.729"/>
</kw>
<kw name="Click Element" library="SeleniumLibrary">
<arg>${locator}</arg>
<doc>Click the element identified by ``locator``.</doc>
<msg timestamp="20210503 22:04:45.729" level="INFO">Clicking element '//*[@id="register-button"]'.</msg>
<status status="PASS" starttime="20210503 22:04:45.729" endtime="20210503 22:04:45.826"/>
</kw>
<status status="PASS" starttime="20210503 22:04:45.709" endtime="20210503 22:04:45.827"/>
</kw>
<kw name="Log" library="BuiltIn">
<arg>Päästiin käyttäjätilin luontiin</arg>
<doc>Logs the given message with the given level.</doc>
<msg timestamp="20210503 22:04:45.831" level="INFO">Päästiin käyttäjätilin luontiin</msg>
<status status="PASS" starttime="20210503 22:04:45.831" endtime="20210503 22:04:45.831"/>
</kw>
<kw name="WaitAndInputText" library="Keywords">
<arg>email</arg>
<arg>test.test@testmail.test</arg>
<kw name="Wait Until Element Is Visible" library="SeleniumLibrary">
<arg>${locator}</arg>
<doc>Waits until the element ``locator`` is visible.</doc>
<status status="PASS" starttime="20210503 22:04:45.837" endtime="20210503 22:04:45.961"/>
</kw>
<kw name="Input Text" library="SeleniumLibrary">
<arg>${locator}</arg>
<arg>${input}</arg>
<doc>Types the given ``text`` into the text field identified by ``locator``.</doc>
<msg timestamp="20210503 22:04:45.961" level="INFO">Typing text 'test.test@testmail.test' into text field 'email'.</msg>
<status status="PASS" starttime="20210503 22:04:45.961" endtime="20210503 22:04:46.113"/>
</kw>
<status status="PASS" starttime="20210503 22:04:45.837" endtime="20210503 22:04:46.113"/>
</kw>
<kw name="Input Password" library="SeleniumLibrary">
<arg>password</arg>
<arg>12345678</arg>
<doc>Types the given password into the text field identified by ``locator``.</doc>
<msg timestamp="20210503 22:04:46.115" level="INFO">Typing password into text field 'password'.</msg>
<msg timestamp="20210503 22:04:46.150" level="INFO">Temporally setting log level to: NONE</msg>
<msg timestamp="20210503 22:04:46.221" level="INFO">Log level changed from NONE to INFO.</msg>
<status status="PASS" starttime="20210503 22:04:46.114" endtime="20210503 22:04:46.221"/>
</kw>
<kw name="Input Text" library="SeleniumLibrary">
<arg>firstname</arg>
<arg>Tuukka</arg>
<doc>Types the given ``text`` into the text field identified by ``locator``.</doc>
<msg timestamp="20210503 22:04:46.223" level="INFO">Typing text 'Tuukka' into text field 'firstname'.</msg>
<status status="PASS" starttime="20210503 22:04:46.223" endtime="20210503 22:04:46.354"/>
</kw>
<kw name="Input Text" library="SeleniumLibrary">
<arg>lastname</arg>
<arg>Mattila</arg>
<doc>Types the given ``text`` into the text field identified by ``locator``.</doc>
<msg timestamp="20210503 22:04:46.356" level="INFO">Typing text 'Mattila' into text field 'lastname'.</msg>
<status status="PASS" starttime="20210503 22:04:46.355" endtime="20210503 22:04:46.450"/>
</kw>
<kw name="Input Text" library="SeleniumLibrary">
<arg>phoneMobile</arg>
<arg>puhelinnumero</arg>
<doc>Types the given ``text`` into the text field identified by ``locator``.</doc>
<msg timestamp="20210503 22:04:46.450" level="INFO">Typing text 'puhelinnumero' into text field 'phoneMobile'.</msg>
<status status="PASS" starttime="20210503 22:04:46.450" endtime="20210503 22:04:46.565"/>
</kw>
<kw name="Select From List By Value" library="SeleniumLibrary">
<arg>language</arg>
<arg>en</arg>
<doc>Selects options from selection list ``locator`` by ``values``.</doc>
<msg timestamp="20210503 22:04:46.566" level="INFO">Selecting options from selection list 'language' by value en.</msg>
<status status="PASS" starttime="20210503 22:04:46.565" endtime="20210503 22:04:46.625"/>
</kw>
<kw name="Click Element" library="SeleniumLibrary">
<arg>(//*[@class="selector selector--checkbox "])[2]</arg>
<doc>Click the element identified by ``locator``.</doc>
<msg timestamp="20210503 22:04:46.626" level="INFO">Clicking element '(//*[@class="selector selector--checkbox "])[2]'.</msg>
<status status="PASS" starttime="20210503 22:04:46.626" endtime="20210503 22:04:46.686"/>
</kw>
<kw name="Get Element Attribute" library="SeleniumLibrary">
<var>${checkbox_value}</var>
<arg>//*[@id="tos-accepted"]</arg>
<arg>value</arg>
<doc>Returns the value of ``attribute`` from the element ``locator``.</doc>
<msg timestamp="20210503 22:04:46.705" level="INFO">${checkbox_value} = true</msg>
<status status="PASS" starttime="20210503 22:04:46.687" endtime="20210503 22:04:46.705"/>
</kw>
<kw name="Should Be Equal" library="BuiltIn">
<arg>${checkbox_value}</arg>
<arg>true</arg>
<doc>Fails if the given objects are unequal.</doc>
<status status="PASS" starttime="20210503 22:04:46.705" endtime="20210503 22:04:46.706"/>
</kw>
<kw name="Click Element" library="SeleniumLibrary">
<arg>//*[@id="create-account-button"]</arg>
<doc>Click the element identified by ``locator``.</doc>
<msg timestamp="20210503 22:04:46.706" level="INFO">Clicking element '//*[@id="create-account-button"]'.</msg>
<status status="PASS" starttime="20210503 22:04:46.706" endtime="20210503 22:04:46.770"/>
</kw>
<kw name="Run Keyword And Return Status" library="BuiltIn">
<var>${status}</var>
<arg>WaitUntilPageContains</arg>
<arg>Virheellinen puhelinnumero</arg>
<doc>Runs the given keyword with given arguments and returns the status as a Boolean value.</doc>
<kw name="Wait Until Page Contains" library="SeleniumLibrary">
<arg>Virheellinen puhelinnumero</arg>
<doc>Waits until ``text`` appears on the current page.</doc>
<status status="PASS" starttime="20210503 22:04:46.771" endtime="20210503 22:04:46.782"/>
</kw>
<msg timestamp="20210503 22:04:46.782" level="INFO">${status} = True</msg>
<status status="PASS" starttime="20210503 22:04:46.771" endtime="20210503 22:04:46.782"/>
</kw>
<kw name="Run Keyword If" library="BuiltIn">
<arg>${status}</arg>
<arg>Log</arg>
<arg>Puhelinnumero on Virheellinen</arg>
<arg>WARN</arg>
<arg>ELSE</arg>
<arg>fail</arg>
<arg>Näin ei pitäisi tapahtua</arg>
<doc>Runs the given keyword with the given arguments, if ``condition`` is true.</doc>
<kw name="Log" library="BuiltIn">
<arg>Puhelinnumero on Virheellinen</arg>
<arg>WARN</arg>
<doc>Logs the given message with the given level.</doc>
<msg timestamp="20210503 22:04:46.783" level="WARN">Puhelinnumero on Virheellinen</msg>
<status status="PASS" starttime="20210503 22:04:46.783" endtime="20210503 22:04:46.784"/>
</kw>
<status status="PASS" starttime="20210503 22:04:46.782" endtime="20210503 22:04:46.784"/>
</kw>
<status status="PASS" starttime="20210503 22:04:39.532" endtime="20210503 22:04:46.784"/>
</test>
<status status="PASS" starttime="20210503 22:04:32.213" endtime="20210503 22:04:46.786"/>
</suite>
<statistics>
<total>
<stat pass="3" fail="0" skip="0">All Tests</stat>
</total>
<tag>
</tag>
<suite>
<stat pass="3" fail="0" skip="0" id="s1" name="Test">Test</stat>
</suite>
</statistics>
<errors>
<msg timestamp="20210503 22:04:46.783" level="WARN">Puhelinnumero on Virheellinen</msg>
</errors>
</robot>
